Arguments: 
  /usr/local/bin/node /usr/local/bin/yarn dev

PATH: 
  /usr/local/bin:/usr/bin:/bin:/usr/sbin:/sbin:/Applications/VMware Fusion.app/Contents/Public:/Users/wenhaoming/opt/anaconda3/bin:/Users/wenhaoming/opt/anaconda3/condabin:/Users/wenhaoming/Library/Android/sdk/tools:/Users/wenhaoming/Library/Android/sdk/tools/bin:/Users/wenhaoming/Library/Android/sdk/platform-tools:/Users/wenhaoming/Library/Android/sdk/emulator:/Users/wenhaoming/Library/Android/sdk/tools:/Users/wenhaoming/Library/Android/sdk/tools/bin:/Users/wenhaoming/Library/Android/sdk/platform-tools:/Users/wenhaoming/Library/Android/sdk/emulator

Yarn version: 
  1.21.1

Node version: 
  12.14.0

Platform: 
  darwin x64

Trace: 
  SyntaxError: /Users/wenhaoming/Desktop/practise/my-react-ssr/package.json: Unexpected token } in JSON at position 210
      at JSON.parse (<anonymous>)
      at /usr/local/lib/node_modules/yarn/lib/cli.js:1625:59
      at Generator.next (<anonymous>)
      at step (/usr/local/lib/node_modules/yarn/lib/cli.js:310:30)
      at /usr/local/lib/node_modules/yarn/lib/cli.js:321:13

npm manifest: 
  {
    "name": "my-react-ssr",
    "version": "1.0.0",
    "description": "",
    "main": "index.js",
    "scripts": {
      "dev": "npm-run-all --parallel dev:**",
      "dev:server": "webpack --config webpack.server.js",
    },
    "keywords": [],
    "author": "",
    "license": "ISC",
    "devDependencies": {
      "@babel/core": "^7.11.1",
      "@babel/preset-react": "^7.10.4",
      "babel-loader": "^8.1.0",
      "express": "^4.17.1",
      "nodemon": "^2.0.4",
      "npm-run-all": "^4.1.5",
      "webpack": "^4.44.1",
      "webpack-cli": "^3.3.12",
      "webpack-node-externals": "^2.5.1"
    },
    "dependencies": {
      "webpack-merge": "^5.1.1"
    }
  }

yarn manifest: 
  No manifest

Lockfile: 
  No lockfile
